\BOOKMARK [1][-]{section*.1}{Introduction}{}% 1
\BOOKMARK [2][-]{section*.2}{Data set Preprocessing}{section*.1}% 2
\BOOKMARK [1][-]{section*.3}{Classification Algorithms}{}% 3
\BOOKMARK [2][-]{section*.4}{Support Vector Machines}{section*.3}% 4
\BOOKMARK [2][-]{section*.5}{K-Nearest Neighbors}{section*.3}% 5
\BOOKMARK [2][-]{section*.6}{Neural networks}{section*.3}% 6
\BOOKMARK [1][-]{section*.7}{Experimental Set-up}{}% 7
\BOOKMARK [2][-]{section*.8}{Stratified sampling}{section*.7}% 8
\BOOKMARK [2][-]{section*.9}{Implementation details}{section*.7}% 9
\BOOKMARK [3][-]{section*.10}{Receiver Operating Characteristic \(ROC\) curve}{section*.9}% 10
\BOOKMARK [3][-]{figure.caption.12}{Confusion matrices}{section*.9}% 11
\BOOKMARK [3][-]{figure.caption.14}{Accuracy curve}{section*.9}% 12
\BOOKMARK [3][-]{section*.15}{Hypothesis testing}{section*.9}% 13
\BOOKMARK [3][-]{section*.16}{Principal Component Analysis \(PCA\)}{section*.9}% 14
\BOOKMARK [3][-]{section*.17}{Other Miscellaneous Metrics}{section*.9}% 15
\BOOKMARK [1][-]{section*.18}{Experiments/Results}{}% 16
\BOOKMARK [2][-]{section*.19}{10-Fold Cross Validation For Parameter Tuning}{section*.18}% 17
\BOOKMARK [3][-]{section*.20}{Support Vector Machines}{section*.19}% 18
\BOOKMARK [3][-]{figure.caption.24}{Neural Networks}{section*.19}% 19
\BOOKMARK [3][-]{figure.caption.31}{K-Nearest Neighbors}{section*.19}% 20
\BOOKMARK [2][-]{figure.caption.35}{Effect of number of samples on accuracy}{section*.18}% 21
\BOOKMARK [2][-]{figure.caption.37}{PCA features}{section*.18}% 22
\BOOKMARK [2][-]{figure.caption.39}{Hypothesis testing}{section*.18}% 23
\BOOKMARK [3][-]{section*.40}{Comparison using PCA data}{figure.caption.39}% 24
\BOOKMARK [3][-]{figure.caption.52}{Comparison using actual data}{figure.caption.39}% 25
\BOOKMARK [3][-]{figure.caption.58}{Within algorithm comparison}{figure.caption.39}% 26
\BOOKMARK [2][-]{table.caption.60}{Conclusions}{section*.18}% 27
